<?xml version="1.0" encoding="UTF-8"?>
<!-- Generated by org.testng.reporters.JUnitReportReporter -->
<testsuite skipped="0" hostname="4S0L3M2" name="com.bankguru.scripts.RegisterNewAccountScript" tests="2" failures="0" timestamp="10 Sep 2019 13:42:36 GMT" time="13.176" errors="0">
  <testcase name="RegisterScript" time="7.791" classname="com.bankguru.scripts.RegisterNewAccountScript"/>
  <testcase name="RegisterScript" time="5.385" classname="com.bankguru.scripts.RegisterNewAccountScript"/>
</testsuite> <!-- com.bankguru.scripts.RegisterNewAccountScript -->
