<?xml version="1.0" encoding="UTF-8"?>
<!-- Generated by org.testng.reporters.JUnitReportReporter -->
<testsuite skipped="0" hostname="4S0L3M2" name="demo.extendreport.ExtendReport" tests="2" failures="0" timestamp="10 Sep 2019 14:30:45 GMT" time="0.026" errors="0">
  <testcase name="TC_01" time="0.020" classname="demo.extendreport.ExtendReport"/>
  <testcase name="TC_02" time="0.006" classname="demo.extendreport.ExtendReport"/>
</testsuite> <!-- demo.extendreport.ExtendReport -->
